app/build/intermediates/manifest_merge_blame_file/release/manifest-merger-blame-release-report.txt
1<?xml version="1.0" encoding="utf-8"?>
2<manifest xmlns:android="http://schemas.android.com/apk/res/android"
3    package="com.example.islam"
4    android:versionCode="1"
5    android:versionName="1.0" >
6
7    <uses-sdk
8        android:minSdkVersion="17"
8-->src\main\AndroidManifest.xml
9        android:targetSdkVersion="29" />
9-->src\main\AndroidManifest.xml
10
11    <application
11-->src\main\AndroidManifest.xml:5:5-25:19
12        android:allowBackup="true"
12-->src\main\AndroidManifest.xml:6:9-35
13        android:icon="@mipmap/ic_launcher"
13-->src\main\AndroidManifest.xml:7:9-43
14        android:label="Ramadany"
14-->src\main\AndroidManifest.xml:8:9-33
15        android:roundIcon="@mipmap/ic_launcher_round"
15-->src\main\AndroidManifest.xml:9:9-54
16        android:supportsRtl="true"
16-->src\main\AndroidManifest.xml:10:9-35
17        android:testOnly="true"
18        android:theme="@style/AppTheme" >
18-->src\main\AndroidManifest.xml:11:9-40
19        <activity android:name="com.example.islam.details_Activity" />
19-->src\main\AndroidManifest.xml:12:9-63
19-->src\main\AndroidManifest.xml:12:19-51
20        <activity android:name="com.example.islam.Mos" />
20-->src\main\AndroidManifest.xml:13:9-41
20-->src\main\AndroidManifest.xml:13:19-38
21        <activity android:name="com.example.islam.prog" />
21-->src\main\AndroidManifest.xml:14:9-42
21-->src\main\AndroidManifest.xml:14:19-39
22        <activity android:name="com.example.islam.Main4Activity" />
22-->src\main\AndroidManifest.xml:15:9-51
22-->src\main\AndroidManifest.xml:15:19-48
23        <activity android:name="com.example.islam.Main3Activity" />
23-->src\main\AndroidManifest.xml:16:9-51
23-->src\main\AndroidManifest.xml:16:19-48
24        <activity android:name="com.example.islam.MainActivity" >
24-->src\main\AndroidManifest.xml:17:9-23:20
24-->src\main\AndroidManifest.xml:17:19-47
25            <intent-filter>
25-->src\main\AndroidManifest.xml:18:13-22:29
26                <action android:name="android.intent.action.MAIN" />
26-->src\main\AndroidManifest.xml:19:17-69
26-->src\main\AndroidManifest.xml:19:25-66
27
28                <category android:name="android.intent.category.LAUNCHER" />
28-->src\main\AndroidManifest.xml:21:17-77
28-->src\main\AndroidManifest.xml:21:27-74
29            </intent-filter>
30        </activity>
31        <activity android:name="com.example.islam.Main2Activity" />
31-->src\main\AndroidManifest.xml:24:9-51
31-->src\main\AndroidManifest.xml:24:19-48
32
33        <provider
33-->[android.arch.lifecycle:extensions:1.1.1] AndroidManifest.xml:23:9-27:43
34            android:name="android.arch.lifecycle.ProcessLifecycleOwnerInitializer"
34-->[android.arch.lifecycle:extensions:1.1.1] AndroidManifest.xml:24:13-83
35            android:authorities="com.example.islam.lifecycle-trojan"
35-->[android.arch.lifecycle:extensions:1.1.1] AndroidManifest.xml:25:13-68
36            android:exported="false"
36-->[android.arch.lifecycle:extensions:1.1.1] AndroidManifest.xml:26:13-37
37            android:multiprocess="true" />
37-->[android.arch.lifecycle:extensions:1.1.1] AndroidManifest.xml:27:13-40
38
39        <activity
39-->[com.google.firebase:firebase-auth:16.0.5] AndroidManifest.xml:24:9-31:50
40            android:name="com.google.firebase.auth.internal.FederatedSignInActivity"
40-->[com.google.firebase:firebase-auth:16.0.5] AndroidManifest.xml:25:13-85
41            android:excludeFromRecents="true"
41-->[com.google.firebase:firebase-auth:16.0.5] AndroidManifest.xml:26:13-46
42            android:exported="true"
42-->[com.google.firebase:firebase-auth:16.0.5] AndroidManifest.xml:27:13-36
43            android:launchMode="singleTask"
43-->[com.google.firebase:firebase-auth:16.0.5] AndroidManifest.xml:28:13-44
44            android:permission="com.google.firebase.auth.api.gms.permission.LAUNCH_FEDERATED_SIGN_IN"
44-->[com.google.firebase:firebase-auth:16.0.5] AndroidManifest.xml:29:13-102
45            android:theme="@android:style/Theme.Translucent.NoTitleBar" />
45-->[com.google.firebase:firebase-auth:16.0.5] AndroidManifest.xml:30:13-72
46
47        <service
47-->[com.google.firebase:firebase-auth:16.0.5] AndroidManifest.xml:33:9-39:19
48            android:name="com.google.firebase.components.ComponentDiscoveryService"
48-->[com.google.firebase:firebase-auth:16.0.5] AndroidManifest.xml:34:13-84
49            android:exported="false" >
49-->[com.google.firebase:firebase-auth:16.0.5] AndroidManifest.xml:35:13-37
50            <meta-data
50-->[com.google.firebase:firebase-auth:16.0.5] AndroidManifest.xml:36:13-38:85
51                android:name="com.google.firebase.components:com.google.firebase.auth.FirebaseAuthRegistrar"
51-->[com.google.firebase:firebase-auth:16.0.5] AndroidManifest.xml:37:17-109
52                android:value="com.google.firebase.components.ComponentRegistrar" />
52-->[com.google.firebase:firebase-auth:16.0.5] AndroidManifest.xml:38:17-82
53        </service>
54
55        <activity
55-->[com.google.android.gms:play-services-base:16.0.1] AndroidManifest.xml:23:9-26:75
56            android:name="com.google.android.gms.common.api.GoogleApiActivity"
56-->[com.google.android.gms:play-services-base:16.0.1] AndroidManifest.xml:24:13-79
57            android:exported="false"
57-->[com.google.android.gms:play-services-base:16.0.1] AndroidManifest.xml:25:13-37
58            android:theme="@android:style/Theme.Translucent.NoTitleBar" />
58-->[com.google.android.gms:play-services-base:16.0.1] AndroidManifest.xml:26:13-72
59
60        <provider
60-->[com.google.firebase:firebase-common:16.0.3] AndroidManifest.xml:10:9-14:39
61            android:name="com.google.firebase.provider.FirebaseInitProvider"
61-->[com.google.firebase:firebase-common:16.0.3] AndroidManifest.xml:11:13-77
62            android:authorities="com.example.islam.firebaseinitprovider"
62-->[com.google.firebase:firebase-common:16.0.3] AndroidManifest.xml:12:13-72
63            android:exported="false"
63-->[com.google.firebase:firebase-common:16.0.3] AndroidManifest.xml:13:13-37
64            android:initOrder="100" />
64-->[com.google.firebase:firebase-common:16.0.3] AndroidManifest.xml:14:13-36
65
66        <meta-data
66-->[com.google.android.gms:play-services-basement:16.1.0] AndroidManifest.xml:23:9-25:69
67            android:name="com.google.android.gms.version"
67-->[com.google.android.gms:play-services-basement:16.1.0] AndroidManifest.xml:24:13-58
68            android:value="@integer/google_play_services_version" />
68-->[com.google.android.gms:play-services-basement:16.1.0] AndroidManifest.xml:25:13-66
69    </application>
70
71</manifest>